2025-07-28 08:09:15,529 - INFO - 🚀 启动自思考守护进程...
2025-07-28 08:09:16,321 - INFO - ✅ 记忆智能体初始化成功
2025-07-28 08:09:16,322 - INFO - ============================================================
2025-07-28 08:09:16,323 - INFO - 🧠 自思考守护进程配置:
2025-07-28 08:09:16,324 - INFO -    📊 记忆清理: 30.0%
2025-07-28 08:09:16,325 - INFO -    📊 画像更新: 35.0%
2025-07-28 08:09:16,327 - INFO -    📊 关系分析: 25.0%
2025-07-28 08:09:16,330 - INFO -    📊 全局认知: 10.0%
2025-07-28 08:09:16,331 - INFO -    ⏱️ 执行间隔: 30分钟
2025-07-28 08:09:16,331 - INFO - ============================================================
2025-07-28 08:09:16,332 - INFO - 🔄 守护进程主循环启动，间隔: 30分钟
2025-07-28 08:09:16,333 - INFO - ⏰ 下次自思考时间: 2025-07-28 08:39:16
2025-07-28 08:09:49,215 - INFO - 收到信号 2，准备关闭守护进程...
2025-07-28 08:09:49,216 - INFO - 🛑 正在停止守护进程...
2025-07-28 08:09:49,217 - INFO - 📊 运行统计 - 总运行时长: 0:00:32.894681
2025-07-28 08:09:49,218 - INFO - 📊 总执行次数: 0
2025-07-28 08:09:49,218 - INFO - 📊 记忆清理: 0次 (实际0.0%, 期望30.0%)
2025-07-28 08:09:49,218 - INFO - 📊 画像更新: 0次 (实际0.0%, 期望35.0%)
2025-07-28 08:09:49,219 - INFO - 📊 关系分析: 0次 (实际0.0%, 期望25.0%)
2025-07-28 08:09:49,219 - INFO - 📊 全局认知: 0次 (实际0.0%, 期望10.0%)
2025-07-28 08:09:49,219 - INFO - 👋 自思考守护进程已停止
